{"/home/esneyder/Documents/code/testing-example/example/index.js": {"path":"/home/esneyder/Documents/code/testing-example/example/index.js","statementMap":{"0":{"start":{"line":1,"column":0},"end":{"line":1,"column":45}}},"fnMap":{},"branchMap":{},"s":{"0":1},"f":{},"b":{},"_coverageSchema":"1a1c01bbd47fc00a2c39e90264f33305004495a9","hash":"f461bf374defc258793d5ed70416bea167f324cf"}
,"/home/esneyder/Documents/code/testing-example/example/lib/Calculator.js": {"path":"/home/esneyder/Documents/code/testing-example/example/lib/Calculator.js","statementMap":{"0":{"start":{"line":5,"column":4},"end":{"line":5,"column":33}},"1":{"start":{"line":6,"column":22},"end":{"line":6,"column":54}},"2":{"start":{"line":8,"column":0},"end":{"line":38,"column":2}},"3":{"start":{"line":10,"column":41},"end":{"line":10,"column":79}},"4":{"start":{"line":10,"column":61},"end":{"line":10,"column":78}},"5":{"start":{"line":11,"column":4},"end":{"line":11,"column":52}},"6":{"start":{"line":11,"column":27},"end":{"line":11,"column":52}},"7":{"start":{"line":12,"column":4},"end":{"line":12,"column":17}},"8":{"start":{"line":16,"column":41},"end":{"line":18,"column":5}},"9":{"start":{"line":17,"column":6},"end":{"line":17,"column":29}},"10":{"start":{"line":19,"column":4},"end":{"line":19,"column":52}},"11":{"start":{"line":19,"column":27},"end":{"line":19,"column":52}},"12":{"start":{"line":20,"column":4},"end":{"line":20,"column":17}},"13":{"start":{"line":24,"column":41},"end":{"line":26,"column":5}},"14":{"start":{"line":25,"column":6},"end":{"line":25,"column":28}},"15":{"start":{"line":27,"column":4},"end":{"line":27,"column":52}},"16":{"start":{"line":27,"column":27},"end":{"line":27,"column":52}},"17":{"start":{"line":28,"column":4},"end":{"line":28,"column":17}},"18":{"start":{"line":32,"column":41},"end":{"line":34,"column":5}},"19":{"start":{"line":33,"column":6},"end":{"line":33,"column":28}},"20":{"start":{"line":35,"column":4},"end":{"line":35,"column":52}},"21":{"start":{"line":35,"column":27},"end":{"line":35,"column":52}},"22":{"start":{"line":36,"column":4},"end":{"line":36,"column":17}}},"fnMap":{"0":{"name":"(anonymous_0)","decl":{"start":{"line":9,"column":2},"end":{"line":9,"column":3}},"loc":{"start":{"line":9,"column":12},"end":{"line":13,"column":3}},"line":9},"1":{"name":"(anonymous_1)","decl":{"start":{"line":10,"column":55},"end":{"line":10,"column":56}},"loc":{"start":{"line":10,"column":61},"end":{"line":10,"column":78}},"line":10},"2":{"name":"(anonymous_2)","decl":{"start":{"line":15,"column":2},"end":{"line":15,"column":3}},"loc":{"start":{"line":15,"column":18},"end":{"line":21,"column":3}},"line":15},"3":{"name":"(anonymous_3)","decl":{"start":{"line":16,"column":55},"end":{"line":16,"column":56}},"loc":{"start":{"line":17,"column":6},"end":{"line":17,"column":29}},"line":17},"4":{"name":"(anonymous_4)","decl":{"start":{"line":23,"column":2},"end":{"line":23,"column":3}},"loc":{"start":{"line":23,"column":17},"end":{"line":29,"column":3}},"line":23},"5":{"name":"(anonymous_5)","decl":{"start":{"line":24,"column":55},"end":{"line":24,"column":56}},"loc":{"start":{"line":25,"column":6},"end":{"line":25,"column":28}},"line":25},"6":{"name":"(anonymous_6)","decl":{"start":{"line":31,"column":2},"end":{"line":31,"column":3}},"loc":{"start":{"line":31,"column":15},"end":{"line":37,"column":3}},"line":31},"7":{"name":"(anonymous_7)","decl":{"start":{"line":32,"column":55},"end":{"line":32,"column":56}},"loc":{"start":{"line":33,"column":6},"end":{"line":33,"column":28}},"line":33}},"branchMap":{"0":{"loc":{"start":{"line":11,"column":4},"end":{"line":11,"column":52}},"type":"if","locations":[{"start":{"line":11,"column":4},"end":{"line":11,"column":52}},{"start":{"line":11,"column":4},"end":{"line":11,"column":52}}],"line":11},"1":{"loc":{"start":{"line":19,"column":4},"end":{"line":19,"column":52}},"type":"if","locations":[{"start":{"line":19,"column":4},"end":{"line":19,"column":52}},{"start":{"line":19,"column":4},"end":{"line":19,"column":52}}],"line":19},"2":{"loc":{"start":{"line":27,"column":4},"end":{"line":27,"column":52}},"type":"if","locations":[{"start":{"line":27,"column":4},"end":{"line":27,"column":52}},{"start":{"line":27,"column":4},"end":{"line":27,"column":52}}],"line":27},"3":{"loc":{"start":{"line":35,"column":4},"end":{"line":35,"column":52}},"type":"if","locations":[{"start":{"line":35,"column":4},"end":{"line":35,"column":52}},{"start":{"line":35,"column":4},"end":{"line":35,"column":52}}],"line":35}},"s":{"0":1,"1":1,"2":1,"3":2,"4":2,"5":2,"6":1,"7":1,"8":2,"9":2,"10":2,"11":1,"12":1,"13":2,"14":2,"15":2,"16":1,"17":1,"18":2,"19":2,"20":2,"21":1,"22":1},"f":{"0":2,"1":2,"2":2,"3":2,"4":2,"5":2,"6":2,"7":2},"b":{"0":[1,1],"1":[1,1],"2":[1,1],"3":[1,1]},"_coverageSchema":"1a1c01bbd47fc00a2c39e90264f33305004495a9","hash":"4f64626f76e0b965a813336453eb98d3f900c2c6"}
,"/home/esneyder/Documents/code/testing-example/example/util/validadors.js": {"path":"/home/esneyder/Documents/code/testing-example/example/util/validadors.js","statementMap":{"0":{"start":{"line":1,"column":17},"end":{"line":1,"column":51}},"1":{"start":{"line":1,"column":27},"end":{"line":1,"column":51}},"2":{"start":{"line":3,"column":20},"end":{"line":7,"column":1}},"3":{"start":{"line":4,"column":17},"end":{"line":4,"column":44}},"4":{"start":{"line":5,"column":2},"end":{"line":5,"column":55}},"5":{"start":{"line":5,"column":14},"end":{"line":5,"column":55}},"6":{"start":{"line":6,"column":2},"end":{"line":6,"column":15}},"7":{"start":{"line":9,"column":0},"end":{"line":15,"column":2}},"8":{"start":{"line":10,"column":23},"end":{"line":10,"column":30}},"9":{"start":{"line":11,"column":2},"end":{"line":11,"column":60}},"10":{"start":{"line":11,"column":20},"end":{"line":11,"column":60}},"11":{"start":{"line":12,"column":2},"end":{"line":12,"column":71}},"12":{"start":{"line":12,"column":31},"end":{"line":12,"column":71}},"13":{"start":{"line":13,"column":2},"end":{"line":13,"column":71}},"14":{"start":{"line":13,"column":31},"end":{"line":13,"column":71}},"15":{"start":{"line":14,"column":2},"end":{"line":14,"column":14}},"16":{"start":{"line":17,"column":0},"end":{"line":23,"column":2}},"17":{"start":{"line":18,"column":2},"end":{"line":18,"column":59}},"18":{"start":{"line":18,"column":20},"end":{"line":18,"column":59}},"19":{"start":{"line":19,"column":2},"end":{"line":19,"column":59}},"20":{"start":{"line":19,"column":20},"end":{"line":19,"column":59}},"21":{"start":{"line":20,"column":2},"end":{"line":20,"column":71}},"22":{"start":{"line":20,"column":31},"end":{"line":20,"column":71}},"23":{"start":{"line":21,"column":2},"end":{"line":21,"column":71}},"24":{"start":{"line":21,"column":31},"end":{"line":21,"column":71}},"25":{"start":{"line":22,"column":2},"end":{"line":22,"column":14}},"26":{"start":{"line":25,"column":0},"end":{"line":31,"column":2}},"27":{"start":{"line":26,"column":2},"end":{"line":26,"column":59}},"28":{"start":{"line":26,"column":20},"end":{"line":26,"column":59}},"29":{"start":{"line":27,"column":2},"end":{"line":27,"column":59}},"30":{"start":{"line":27,"column":20},"end":{"line":27,"column":59}},"31":{"start":{"line":28,"column":2},"end":{"line":28,"column":71}},"32":{"start":{"line":28,"column":31},"end":{"line":28,"column":71}},"33":{"start":{"line":29,"column":2},"end":{"line":29,"column":71}},"34":{"start":{"line":29,"column":31},"end":{"line":29,"column":71}},"35":{"start":{"line":30,"column":2},"end":{"line":30,"column":14}},"36":{"start":{"line":33,"column":0},"end":{"line":39,"column":2}},"37":{"start":{"line":34,"column":2},"end":{"line":34,"column":59}},"38":{"start":{"line":34,"column":20},"end":{"line":34,"column":59}},"39":{"start":{"line":35,"column":2},"end":{"line":35,"column":59}},"40":{"start":{"line":35,"column":20},"end":{"line":35,"column":59}},"41":{"start":{"line":36,"column":2},"end":{"line":36,"column":71}},"42":{"start":{"line":36,"column":31},"end":{"line":36,"column":71}},"43":{"start":{"line":37,"column":2},"end":{"line":37,"column":71}},"44":{"start":{"line":37,"column":31},"end":{"line":37,"column":71}},"45":{"start":{"line":38,"column":2},"end":{"line":38,"column":14}}},"fnMap":{"0":{"name":"(anonymous_0)","decl":{"start":{"line":1,"column":17},"end":{"line":1,"column":18}},"loc":{"start":{"line":1,"column":27},"end":{"line":1,"column":51}},"line":1},"1":{"name":"(anonymous_1)","decl":{"start":{"line":3,"column":20},"end":{"line":3,"column":21}},"loc":{"start":{"line":3,"column":36},"end":{"line":7,"column":1}},"line":3},"2":{"name":"(anonymous_2)","decl":{"start":{"line":9,"column":27},"end":{"line":9,"column":28}},"loc":{"start":{"line":9,"column":37},"end":{"line":15,"column":1}},"line":9},"3":{"name":"(anonymous_3)","decl":{"start":{"line":17,"column":22},"end":{"line":17,"column":23}},"loc":{"start":{"line":17,"column":32},"end":{"line":23,"column":1}},"line":17},"4":{"name":"(anonymous_4)","decl":{"start":{"line":25,"column":28},"end":{"line":25,"column":29}},"loc":{"start":{"line":25,"column":38},"end":{"line":31,"column":1}},"line":25},"5":{"name":"(anonymous_5)","decl":{"start":{"line":33,"column":27},"end":{"line":33,"column":28}},"loc":{"start":{"line":33,"column":37},"end":{"line":39,"column":1}},"line":33}},"branchMap":{"0":{"loc":{"start":{"line":3,"column":21},"end":{"line":3,"column":31}},"type":"default-arg","locations":[{"start":{"line":3,"column":29},"end":{"line":3,"column":31}}],"line":3},"1":{"loc":{"start":{"line":5,"column":2},"end":{"line":5,"column":55}},"type":"if","locations":[{"start":{"line":5,"column":2},"end":{"line":5,"column":55}},{"start":{"line":5,"column":2},"end":{"line":5,"column":55}}],"line":5},"2":{"loc":{"start":{"line":11,"column":2},"end":{"line":11,"column":60}},"type":"if","locations":[{"start":{"line":11,"column":2},"end":{"line":11,"column":60}},{"start":{"line":11,"column":2},"end":{"line":11,"column":60}}],"line":11},"3":{"loc":{"start":{"line":12,"column":2},"end":{"line":12,"column":71}},"type":"if","locations":[{"start":{"line":12,"column":2},"end":{"line":12,"column":71}},{"start":{"line":12,"column":2},"end":{"line":12,"column":71}}],"line":12},"4":{"loc":{"start":{"line":13,"column":2},"end":{"line":13,"column":71}},"type":"if","locations":[{"start":{"line":13,"column":2},"end":{"line":13,"column":71}},{"start":{"line":13,"column":2},"end":{"line":13,"column":71}}],"line":13},"5":{"loc":{"start":{"line":18,"column":2},"end":{"line":18,"column":59}},"type":"if","locations":[{"start":{"line":18,"column":2},"end":{"line":18,"column":59}},{"start":{"line":18,"column":2},"end":{"line":18,"column":59}}],"line":18},"6":{"loc":{"start":{"line":19,"column":2},"end":{"line":19,"column":59}},"type":"if","locations":[{"start":{"line":19,"column":2},"end":{"line":19,"column":59}},{"start":{"line":19,"column":2},"end":{"line":19,"column":59}}],"line":19},"7":{"loc":{"start":{"line":20,"column":2},"end":{"line":20,"column":71}},"type":"if","locations":[{"start":{"line":20,"column":2},"end":{"line":20,"column":71}},{"start":{"line":20,"column":2},"end":{"line":20,"column":71}}],"line":20},"8":{"loc":{"start":{"line":21,"column":2},"end":{"line":21,"column":71}},"type":"if","locations":[{"start":{"line":21,"column":2},"end":{"line":21,"column":71}},{"start":{"line":21,"column":2},"end":{"line":21,"column":71}}],"line":21},"9":{"loc":{"start":{"line":26,"column":2},"end":{"line":26,"column":59}},"type":"if","locations":[{"start":{"line":26,"column":2},"end":{"line":26,"column":59}},{"start":{"line":26,"column":2},"end":{"line":26,"column":59}}],"line":26},"10":{"loc":{"start":{"line":27,"column":2},"end":{"line":27,"column":59}},"type":"if","locations":[{"start":{"line":27,"column":2},"end":{"line":27,"column":59}},{"start":{"line":27,"column":2},"end":{"line":27,"column":59}}],"line":27},"11":{"loc":{"start":{"line":28,"column":2},"end":{"line":28,"column":71}},"type":"if","locations":[{"start":{"line":28,"column":2},"end":{"line":28,"column":71}},{"start":{"line":28,"column":2},"end":{"line":28,"column":71}}],"line":28},"12":{"loc":{"start":{"line":29,"column":2},"end":{"line":29,"column":71}},"type":"if","locations":[{"start":{"line":29,"column":2},"end":{"line":29,"column":71}},{"start":{"line":29,"column":2},"end":{"line":29,"column":71}}],"line":29},"13":{"loc":{"start":{"line":34,"column":2},"end":{"line":34,"column":59}},"type":"if","locations":[{"start":{"line":34,"column":2},"end":{"line":34,"column":59}},{"start":{"line":34,"column":2},"end":{"line":34,"column":59}}],"line":34},"14":{"loc":{"start":{"line":35,"column":2},"end":{"line":35,"column":59}},"type":"if","locations":[{"start":{"line":35,"column":2},"end":{"line":35,"column":59}},{"start":{"line":35,"column":2},"end":{"line":35,"column":59}}],"line":35},"15":{"loc":{"start":{"line":36,"column":2},"end":{"line":36,"column":71}},"type":"if","locations":[{"start":{"line":36,"column":2},"end":{"line":36,"column":71}},{"start":{"line":36,"column":2},"end":{"line":36,"column":71}}],"line":36},"16":{"loc":{"start":{"line":37,"column":2},"end":{"line":37,"column":71}},"type":"if","locations":[{"start":{"line":37,"column":2},"end":{"line":37,"column":71}},{"start":{"line":37,"column":2},"end":{"line":37,"column":71}}],"line":37}},"s":{"0":1,"1":12,"2":1,"3":8,"4":8,"5":8,"6":0,"7":1,"8":0,"9":0,"10":0,"11":0,"12":0,"13":0,"14":0,"15":0,"16":1,"17":2,"18":1,"19":1,"20":0,"21":1,"22":0,"23":1,"24":0,"25":1,"26":1,"27":2,"28":1,"29":1,"30":0,"31":1,"32":0,"33":1,"34":0,"35":1,"36":1,"37":4,"38":2,"39":2,"40":0,"41":2,"42":0,"43":2,"44":0,"45":2},"f":{"0":12,"1":8,"2":0,"3":2,"4":2,"5":4},"b":{"0":[0],"1":[8,0],"2":[0,0],"3":[0,0],"4":[0,0],"5":[1,1],"6":[0,1],"7":[0,1],"8":[0,1],"9":[1,1],"10":[0,1],"11":[0,1],"12":[0,1],"13":[2,2],"14":[0,2],"15":[0,2],"16":[0,2]},"_coverageSchema":"1a1c01bbd47fc00a2c39e90264f33305004495a9","hash":"905814dbb0a7fc14d52c2397a9b2909344793f94"}
,"/home/esneyder/Documents/code/testing-example/example/util/wrapException.js": {"path":"/home/esneyder/Documents/code/testing-example/example/util/wrapException.js","statementMap":{"0":{"start":{"line":1,"column":0},"end":{"line":6,"column":2}},"1":{"start":{"line":2,"column":17},"end":{"line":2,"column":21}},"2":{"start":{"line":3,"column":15},"end":{"line":3,"column":38}},"3":{"start":{"line":4,"column":2},"end":{"line":4,"column":37}},"4":{"start":{"line":4,"column":12},"end":{"line":4,"column":37}},"5":{"start":{"line":5,"column":2},"end":{"line":5,"column":20}}},"fnMap":{"0":{"name":"wrapException","decl":{"start":{"line":1,"column":26},"end":{"line":1,"column":39}},"loc":{"start":{"line":1,"column":44},"end":{"line":6,"column":1}},"line":1}},"branchMap":{"0":{"loc":{"start":{"line":4,"column":2},"end":{"line":4,"column":37}},"type":"if","locations":[{"start":{"line":4,"column":2},"end":{"line":4,"column":37}},{"start":{"line":4,"column":2},"end":{"line":4,"column":37}}],"line":4}},"s":{"0":1,"1":8,"2":8,"3":8,"4":4,"5":4},"f":{"0":8},"b":{"0":[4,4]},"_coverageSchema":"1a1c01bbd47fc00a2c39e90264f33305004495a9","hash":"4053e174b3cf58ff510d5c7e71f35397bca51a83"}
}
