TN:
SF:index.js
FNF:0
FNH:0
DA:1,1
LF:1
LH:1
BRF:0
BRH:0
end_of_record
TN:
SF:lib/Calculator.js
FN:9,(anonymous_0)
FN:10,(anonymous_1)
FN:15,(anonymous_2)
FN:16,(anonymous_3)
FN:23,(anonymous_4)
FN:24,(anonymous_5)
FN:31,(anonymous_6)
FN:32,(anonymous_7)
FNF:8
FNH:8
FNDA:2,(anonymous_0)
FNDA:2,(anonymous_1)
FNDA:2,(anonymous_2)
FNDA:2,(anonymous_3)
FNDA:2,(anonymous_4)
FNDA:2,(anonymous_5)
FNDA:2,(anonymous_6)
FNDA:2,(anonymous_7)
DA:5,1
DA:6,1
DA:8,1
DA:10,2
DA:11,2
DA:12,1
DA:16,2
DA:17,2
DA:19,2
DA:20,1
DA:24,2
DA:25,2
DA:27,2
DA:28,1
DA:32,2
DA:33,2
DA:35,2
DA:36,1
LF:18
LH:18
BRDA:11,0,0,1
BRDA:11,0,1,1
BRDA:19,1,0,1
BRDA:19,1,1,1
BRDA:27,2,0,1
BRDA:27,2,1,1
BRDA:35,3,0,1
BRDA:35,3,1,1
BRF:8
BRH:8
end_of_record
TN:
SF:util/validadors.js
FN:1,(anonymous_0)
FN:3,(anonymous_1)
FN:9,(anonymous_2)
FN:17,(anonymous_3)
FN:25,(anonymous_4)
FN:33,(anonymous_5)
FNF:6
FNH:5
FNDA:12,(anonymous_0)
FNDA:8,(anonymous_1)
FNDA:0,(anonymous_2)
FNDA:2,(anonymous_3)
FNDA:2,(anonymous_4)
FNDA:4,(anonymous_5)
DA:1,12
DA:3,1
DA:4,8
DA:5,8
DA:6,0
DA:9,1
DA:10,0
DA:11,0
DA:12,0
DA:13,0
DA:14,0
DA:17,1
DA:18,2
DA:19,1
DA:20,1
DA:21,1
DA:22,1
DA:25,1
DA:26,2
DA:27,1
DA:28,1
DA:29,1
DA:30,1
DA:33,1
DA:34,4
DA:35,2
DA:36,2
DA:37,2
DA:38,2
LF:29
LH:23
BRDA:3,0,0,0
BRDA:5,1,0,8
BRDA:5,1,1,0
BRDA:11,2,0,0
BRDA:11,2,1,0
BRDA:12,3,0,0
BRDA:12,3,1,0
BRDA:13,4,0,0
BRDA:13,4,1,0
BRDA:18,5,0,1
BRDA:18,5,1,1
BRDA:19,6,0,0
BRDA:19,6,1,1
BRDA:20,7,0,0
BRDA:20,7,1,1
BRDA:21,8,0,0
BRDA:21,8,1,1
BRDA:26,9,0,1
BRDA:26,9,1,1
BRDA:27,10,0,0
BRDA:27,10,1,1
BRDA:28,11,0,0
BRDA:28,11,1,1
BRDA:29,12,0,0
BRDA:29,12,1,1
BRDA:34,13,0,2
BRDA:34,13,1,2
BRDA:35,14,0,0
BRDA:35,14,1,2
BRDA:36,15,0,0
BRDA:36,15,1,2
BRDA:37,16,0,0
BRDA:37,16,1,2
BRF:33
BRH:16
end_of_record
TN:
SF:util/wrapException.js
FN:1,wrapException
FNF:1
FNH:1
FNDA:8,wrapException
DA:1,1
DA:2,8
DA:3,8
DA:4,8
DA:5,4
LF:5
LH:5
BRDA:4,0,0,4
BRDA:4,0,1,4
BRF:2
BRH:2
end_of_record
